{"/Users/phillipbarron/workspace/listen/packages/server/factories/aws-factory.js": {"path":"/Users/phillipbarron/workspace/listen/packages/server/factories/aws-factory.js","statementMap":{"0":{"start":{"line":1,"column":12},"end":{"line":1,"column":30}},"1":{"start":{"line":2,"column":19},"end":{"line":2,"column":41}},"2":{"start":{"line":4,"column":19},"end":{"line":6,"column":2}},"3":{"start":{"line":4,"column":26},"end":{"line":6,"column":1}},"4":{"start":{"line":8,"column":23},"end":{"line":17,"column":1}},"5":{"start":{"line":9,"column":18},"end":{"line":9,"column":66}},"6":{"start":{"line":10,"column":4},"end":{"line":16,"column":5}},"7":{"start":{"line":11,"column":6},"end":{"line":15,"column":9}},"8":{"start":{"line":19,"column":0},"end":{"line":23,"column":1}},"9":{"start":{"line":20,"column":4},"end":{"line":20,"column":21}},"10":{"start":{"line":21,"column":20},"end":{"line":21,"column":32}},"11":{"start":{"line":22,"column":4},"end":{"line":22,"column":39}}},"fnMap":{"0":{"name":"(anonymous_0)","decl":{"start":{"line":4,"column":19},"end":{"line":4,"column":20}},"loc":{"start":{"line":4,"column":26},"end":{"line":6,"column":1}},"line":4},"1":{"name":"(anonymous_1)","decl":{"start":{"line":8,"column":23},"end":{"line":8,"column":24}},"loc":{"start":{"line":8,"column":29},"end":{"line":17,"column":1}},"line":8},"2":{"name":"(anonymous_2)","decl":{"start":{"line":19,"column":29},"end":{"line":19,"column":30}},"loc":{"start":{"line":19,"column":35},"end":{"line":23,"column":1}},"line":19}},"branchMap":{"0":{"loc":{"start":{"line":5,"column":12},"end":{"line":5,"column":57}},"type":"binary-expr","locations":[{"start":{"line":5,"column":12},"end":{"line":5,"column":42}},{"start":{"line":5,"column":46},"end":{"line":5,"column":57}}],"line":5},"1":{"loc":{"start":{"line":9,"column":18},"end":{"line":9,"column":66}},"type":"binary-expr","locations":[{"start":{"line":9,"column":18},"end":{"line":9,"column":40}},{"start":{"line":9,"column":44},"end":{"line":9,"column":66}}],"line":9},"2":{"loc":{"start":{"line":10,"column":4},"end":{"line":16,"column":5}},"type":"if","locations":[{"start":{"line":10,"column":4},"end":{"line":16,"column":5}},{"start":{"line":10,"column":4},"end":{"line":16,"column":5}}],"line":10}},"s":{"0":1,"1":1,"2":1,"3":3,"4":1,"5":3,"6":3,"7":2,"8":1,"9":3,"10":3,"11":3},"f":{"0":3,"1":3,"2":3},"b":{"0":[3,2],"1":[3,2],"2":[2,1]},"_coverageSchema":"332fd63041d2c1bcb487cc26dd0d5f7d97098a6c","hash":"27411a2db40e086e86dcb2bee128913d6a68d993"}
}
